<?xml version="1.0" encoding="UTF-8" standalone="no"?>
<!DOCTYPE log SYSTEM "logger.dtd">
<log>
<record>
  <date>2020-09-28T16:09:50</date>
  <millis>1601323790210</millis>
  <sequence>0</sequence>
  <level>START</level>
  <class>com.kms.katalon.core.logging.XmlKeywordLogger</class>
  <method>startSuite</method>
  <thread>1</thread>
  <message>Start Test Suite : Test Suites/GRiD FG3D</message>
  <nestedLevel>0</nestedLevel>
  <property name="name">GRiD FG3D</property>
  <property name="description"></property>
  <property name="id">Test Suites/GRiD FG3D</property>
  <property name="stopImmediately">false</property>
</record>
<record>
  <date>2020-09-28T16:09:50</date>
  <millis>1601323790222</millis>
  <sequence>1</sequence>
  <level>RUN_DATA</level>
  <class>com.kms.katalon.core.logging.XmlKeywordLogger</class>
  <method>logMessage</method>
  <thread>1</thread>
  <message>hostName = bhavikpatel - c02yj0qyjgh7.lan</message>
  <nestedLevel>0</nestedLevel>
  <property name="hostName">bhavikpatel - c02yj0qyjgh7.lan</property>
</record>
<record>
  <date>2020-09-28T16:09:50</date>
  <millis>1601323790223</millis>
  <sequence>2</sequence>
  <level>RUN_DATA</level>
  <class>com.kms.katalon.core.logging.XmlKeywordLogger</class>
  <method>logMessage</method>
  <thread>1</thread>
  <message>os = Mac OS X 64bit</message>
  <nestedLevel>0</nestedLevel>
  <property name="os">Mac OS X 64bit</property>
</record>
<record>
  <date>2020-09-28T16:09:50</date>
  <millis>1601323790225</millis>
  <sequence>3</sequence>
  <level>RUN_DATA</level>
  <class>com.kms.katalon.core.logging.XmlKeywordLogger</class>
  <method>logMessage</method>
  <thread>1</thread>
  <message>hostAddress = 192.168.87.37</message>
  <nestedLevel>0</nestedLevel>
  <property name="hostAddress">192.168.87.37</property>
</record>
<record>
  <date>2020-09-28T16:09:50</date>
  <millis>1601323790226</millis>
  <sequence>4</sequence>
  <level>RUN_DATA</level>
  <class>com.kms.katalon.core.logging.XmlKeywordLogger</class>
  <method>logMessage</method>
  <thread>1</thread>
  <message>katalonVersion = 7.6.2.205</message>
  <nestedLevel>0</nestedLevel>
  <property name="katalonVersion">7.6.2.205</property>
</record>
<record>
  <date>2020-09-28T16:09:50</date>
  <millis>1601323790425</millis>
  <sequence>5</sequence>
  <level>START</level>
  <class>com.kms.katalon.core.logging.XmlKeywordLogger</class>
  <method>startTest</method>
  <thread>1</thread>
  <message>Start Test Case : Test Cases/FG3D/FG3D Test - Stragetic</message>
  <nestedLevel>1</nestedLevel>
  <property name="name">Test Cases/FG3D/FG3D Test - Stragetic</property>
  <property name="description"></property>
  <property name="id">Test Cases/FG3D/FG3D Test - Stragetic</property>
  <property name="source">\\Users\\bhavikpatel\\Downloads\\Projects\\CRREL\\GRiD\\Automation Testing\\Automation Testing Project\\KatalonTesting\\Test Cases\\FG3D\\FG3D Test - Stragetic.tc</property>
  <property name="tag"></property>
  <property name="isOptional">false</property>
</record>
<record>
  <date>2020-09-28T16:09:50</date>
  <millis>1601323790444</millis>
  <sequence>7</sequence>
  <level>INFO</level>
  <class>com.kms.katalon.core.logging.XmlKeywordLogger</class>
  <method>logMessage</method>
  <thread>1</thread>
  <message>id_name = S- FG3D: GeoTiff - GeoTiff - ESRI Shapefile - </message>
  <nestedLevel>1</nestedLevel>
</record>
<record>
  <date>2020-09-28T16:09:50</date>
  <millis>1601323790444</millis>
  <sequence>8</sequence>
  <level>INFO</level>
  <class>com.kms.katalon.core.logging.XmlKeywordLogger</class>
  <method>logMessage</method>
  <thread>1</thread>
  <message>id_imagery = GeoTiff</message>
  <nestedLevel>1</nestedLevel>
</record>
<record>
  <date>2020-09-28T16:09:50</date>
  <millis>1601323790445</millis>
  <sequence>9</sequence>
  <level>INFO</level>
  <class>com.kms.katalon.core.logging.XmlKeywordLogger</class>
  <method>logMessage</method>
  <thread>1</thread>
  <message>id_elevation = GeoTiff</message>
  <nestedLevel>1</nestedLevel>
</record>
<record>
  <date>2020-09-28T16:09:50</date>
  <millis>1601323790445</millis>
  <sequence>10</sequence>
  <level>INFO</level>
  <class>com.kms.katalon.core.logging.XmlKeywordLogger</class>
  <method>logMessage</method>
  <thread>1</thread>
  <message>id_vectors = ESRI Shapefile</message>
  <nestedLevel>1</nestedLevel>
</record>
<record>
  <date>2020-09-28T16:09:50</date>
  <millis>1601323790950</millis>
  <sequence>15</sequence>
  <level>INFO</level>
  <class>com.kms.katalon.core.logging.XmlKeywordLogger</class>
  <method>logMessage</method>
  <thread>1</thread>
  <message>(Default) id_models = com.kms.katalon.core.testdata.reader.SheetPOI@2755d705</message>
  <nestedLevel>1</nestedLevel>
</record>
<record>
  <date>2020-09-28T16:09:51</date>
  <millis>1601323791207</millis>
  <sequence>16</sequence>
  <level>START</level>
  <class>com.kms.katalon.core.logging.XmlKeywordLogger</class>
  <method>startKeyword</method>
  <thread>1</thread>
  <message>Start action : openBrowser(\&amp;quot;\&amp;quot;)</message>
  <nestedLevel>1</nestedLevel>
  <property name="startLine">20</property>
  <property name="stepIndex">1</property>
</record>
<record>
  <date>2020-09-28T16:09:51</date>
  <millis>1601323791396</millis>
  <sequence>18</sequence>
  <level>INFO</level>
  <class>com.kms.katalon.core.logging.XmlKeywordLogger</class>
  <method>logMessage</method>
  <thread>1</thread>
  <message>Starting &amp;apos;Chrome&amp;apos; driver</message>
  <nestedLevel>1</nestedLevel>
</record>
<record>
  <date>2020-09-28T16:09:51</date>
  <millis>1601323791415</millis>
  <sequence>20</sequence>
  <level>INFO</level>
  <class>com.kms.katalon.core.logging.XmlKeywordLogger</class>
  <method>logMessage</method>
  <thread>1</thread>
  <message>Action delay is set to 0 milliseconds</message>
  <nestedLevel>1</nestedLevel>
</record>
<record>
  <date>2020-09-28T16:09:53</date>
  <millis>1601323793598</millis>
  <sequence>22</sequence>
  <level>RUN_DATA</level>
  <class>com.kms.katalon.core.logging.XmlKeywordLogger</class>
  <method>logMessage</method>
  <thread>1</thread>
  <message>sessionId = a318076f703f4dcd17fb1898d4f3f29f</message>
  <nestedLevel>1</nestedLevel>
  <property name="sessionId">a318076f703f4dcd17fb1898d4f3f29f</property>
</record>
<record>
  <date>2020-09-28T16:09:53</date>
  <millis>1601323793611</millis>
  <sequence>23</sequence>
  <level>RUN_DATA</level>
  <class>com.kms.katalon.core.logging.XmlKeywordLogger</class>
  <method>logMessage</method>
  <thread>1</thread>
  <message>browser = Chrome 85.0.4183.121</message>
  <nestedLevel>1</nestedLevel>
  <property name="browser">Chrome 85.0.4183.121</property>
</record>
<record>
  <date>2020-09-28T16:09:53</date>
  <millis>1601323793612</millis>
  <sequence>24</sequence>
  <level>RUN_DATA</level>
  <class>com.kms.katalon.core.logging.XmlKeywordLogger</class>
  <method>logMessage</method>
  <thread>1</thread>
  <message>platform = Mac OS X</message>
  <nestedLevel>1</nestedLevel>
  <property name="platform">Mac OS X</property>
</record>
<record>
  <date>2020-09-28T16:09:53</date>
  <millis>1601323793612</millis>
  <sequence>25</sequence>
  <level>RUN_DATA</level>
  <class>com.kms.katalon.core.logging.XmlKeywordLogger</class>
  <method>logMessage</method>
  <thread>1</thread>
  <message>seleniumVersion = 3.141.59</message>
  <nestedLevel>1</nestedLevel>
  <property name="seleniumVersion">3.141.59</property>
</record>
<record>
  <date>2020-09-28T16:09:53</date>
  <millis>1601323793613</millis>
  <sequence>26</sequence>
  <level>RUN_DATA</level>
  <class>com.kms.katalon.core.logging.XmlKeywordLogger</class>
  <method>logMessage</method>
  <thread>1</thread>
  <message>proxyInformation = ProxyInformation { proxyOption=NO_PROXY, proxyServerType=HTTP, username=, password=********, proxyServerAddress=, proxyServerPort=0, executionList=\&amp;quot;\&amp;quot;, isApplyToDesiredCapabilities=true }</message>
  <nestedLevel>1</nestedLevel>
  <property name="proxyInformation">ProxyInformation { proxyOption=NO_PROXY, proxyServerType=HTTP, username=, password=********, proxyServerAddress=, proxyServerPort=0, executionList=\&quot;\&quot;, isApplyToDesiredCapabilities=true }</property>
</record>
<record>
  <date>2020-09-28T16:09:53</date>
  <millis>1601323793620</millis>
  <sequence>27</sequence>
  <level>PASSED</level>
  <class>com.kms.katalon.core.logging.XmlKeywordLogger</class>
  <method>logMessage</method>
  <thread>1</thread>
  <message>Browser is opened with url: &amp;apos;&amp;apos;</message>
  <nestedLevel>1</nestedLevel>
</record>
<record>
  <date>2020-09-28T16:09:53</date>
  <millis>1601323793621</millis>
  <sequence>28</sequence>
  <level>END</level>
  <class>com.kms.katalon.core.logging.XmlKeywordLogger</class>
  <method>endKeyword</method>
  <thread>1</thread>
  <message>End action : openBrowser(\&amp;quot;\&amp;quot;)</message>
  <nestedLevel>1</nestedLevel>
</record>
<record>
  <date>2020-09-28T16:09:53</date>
  <millis>1601323793621</millis>
  <sequence>29</sequence>
  <level>START</level>
  <class>com.kms.katalon.core.logging.XmlKeywordLogger</class>
  <method>startKeyword</method>
  <thread>1</thread>
  <message>Start action : navigateToUrl(\&amp;quot;https://grid.nga.mil/testgrid/\&amp;quot;)</message>
  <nestedLevel>1</nestedLevel>
  <property name="startLine">22</property>
  <property name="stepIndex">2</property>
</record>
<record>
  <date>2020-09-28T16:09:56</date>
  <millis>1601323796297</millis>
  <sequence>32</sequence>
  <level>PASSED</level>
  <class>com.kms.katalon.core.logging.XmlKeywordLogger</class>
  <method>logMessage</method>
  <thread>1</thread>
  <message>Navigate to &amp;apos;https://grid.nga.mil/testgrid/&amp;apos; successfully</message>
  <nestedLevel>1</nestedLevel>
</record>
<record>
  <date>2020-09-28T16:09:56</date>
  <millis>1601323796297</millis>
  <sequence>33</sequence>
  <level>END</level>
  <class>com.kms.katalon.core.logging.XmlKeywordLogger</class>
  <method>endKeyword</method>
  <thread>1</thread>
  <message>End action : navigateToUrl(\&amp;quot;https://grid.nga.mil/testgrid/\&amp;quot;)</message>
  <nestedLevel>1</nestedLevel>
</record>
<record>
  <date>2020-09-28T16:09:56</date>
  <millis>1601323796297</millis>
  <sequence>34</sequence>
  <level>START</level>
  <class>com.kms.katalon.core.logging.XmlKeywordLogger</class>
  <method>startKeyword</method>
  <thread>1</thread>
  <message>Start action : click(findTestObject(\&amp;quot;Page_Home  GRiD/a_GEOAxIS\&amp;quot;))</message>
  <nestedLevel>1</nestedLevel>
  <property name="startLine">24</property>
  <property name="stepIndex">3</property>
</record>
<record>
  <date>2020-09-28T16:10:07</date>
  <millis>1601323807983</millis>
  <sequence>43</sequence>
  <level>PASSED</level>
  <class>com.kms.katalon.core.logging.XmlKeywordLogger</class>
  <method>logMessage</method>
  <thread>1</thread>
  <message>Object: &amp;apos;Object Repository/Page_Home  GRiD/a_GEOAxIS&amp;apos; is clicked on</message>
  <nestedLevel>1</nestedLevel>
</record>
<record>
  <date>2020-09-28T16:10:07</date>
  <millis>1601323807983</millis>
  <sequence>44</sequence>
  <level>END</level>
  <class>com.kms.katalon.core.logging.XmlKeywordLogger</class>
  <method>endKeyword</method>
  <thread>1</thread>
  <message>End action : click(findTestObject(\&amp;quot;Page_Home  GRiD/a_GEOAxIS\&amp;quot;))</message>
  <nestedLevel>1</nestedLevel>
</record>
<record>
  <date>2020-09-28T16:10:07</date>
  <millis>1601323807983</millis>
  <sequence>45</sequence>
  <level>START</level>
  <class>com.kms.katalon.core.logging.XmlKeywordLogger</class>
  <method>startKeyword</method>
  <thread>1</thread>
  <message>Start action : click(findTestObject(\&amp;quot;Page_GEOAxIS/a_PKI Certificate\&amp;quot;))</message>
  <nestedLevel>1</nestedLevel>
  <property name="startLine">26</property>
  <property name="stepIndex">4</property>
</record>
</log>
