<?xml version="1.0" encoding="UTF-8" standalone="no"?>
<!DOCTYPE log SYSTEM "logger.dtd">
<log>
<record>
  <date>2020-09-29T16:31:55</date>
  <millis>1601411515075</millis>
  <sequence>0</sequence>
  <level>START</level>
  <class>com.kms.katalon.core.logging.XmlKeywordLogger</class>
  <method>startSuite</method>
  <thread>1</thread>
  <message>Start Test Suite : Test Suites/GRiD LegacyExports</message>
  <nestedLevel>0</nestedLevel>
  <property name="name">GRiD LegacyExports</property>
  <property name="description"></property>
  <property name="id">Test Suites/GRiD LegacyExports</property>
  <property name="stopImmediately">false</property>
</record>
<record>
  <date>2020-09-29T16:31:55</date>
  <millis>1601411515092</millis>
  <sequence>1</sequence>
  <level>RUN_DATA</level>
  <class>com.kms.katalon.core.logging.XmlKeywordLogger</class>
  <method>logMessage</method>
  <thread>1</thread>
  <message>hostName = NickLivas - DESKTOP-1HIC9R3</message>
  <nestedLevel>0</nestedLevel>
  <property name="hostName">NickLivas - DESKTOP-1HIC9R3</property>
</record>
<record>
  <date>2020-09-29T16:31:55</date>
  <millis>1601411515093</millis>
  <sequence>2</sequence>
  <level>RUN_DATA</level>
  <class>com.kms.katalon.core.logging.XmlKeywordLogger</class>
  <method>logMessage</method>
  <thread>1</thread>
  <message>os = Windows 10 64bit</message>
  <nestedLevel>0</nestedLevel>
  <property name="os">Windows 10 64bit</property>
</record>
<record>
  <date>2020-09-29T16:31:55</date>
  <millis>1601411515094</millis>
  <sequence>3</sequence>
  <level>RUN_DATA</level>
  <class>com.kms.katalon.core.logging.XmlKeywordLogger</class>
  <method>logMessage</method>
  <thread>1</thread>
  <message>hostAddress = 192.168.0.119</message>
  <nestedLevel>0</nestedLevel>
  <property name="hostAddress">192.168.0.119</property>
</record>
<record>
  <date>2020-09-29T16:31:55</date>
  <millis>1601411515095</millis>
  <sequence>4</sequence>
  <level>RUN_DATA</level>
  <class>com.kms.katalon.core.logging.XmlKeywordLogger</class>
  <method>logMessage</method>
  <thread>1</thread>
  <message>katalonVersion = 7.6.2.205</message>
  <nestedLevel>0</nestedLevel>
  <property name="katalonVersion">7.6.2.205</property>
</record>
<record>
  <date>2020-09-29T16:31:55</date>
  <millis>1601411515406</millis>
  <sequence>5</sequence>
  <level>START</level>
  <class>com.kms.katalon.core.logging.XmlKeywordLogger</class>
  <method>startTest</method>
  <thread>1</thread>
  <message>Start Test Case : Test Cases/Legacy Exports/1 - ALIRT PC Export - First</message>
  <nestedLevel>1</nestedLevel>
  <property name="name">Test Cases/Legacy Exports/1 - ALIRT PC Export - First</property>
  <property name="description"></property>
  <property name="id">Test Cases/Legacy Exports/1 - ALIRT PC Export - First</property>
  <property name="source">C:\\Users\\NickLivas\\Documents\\Testing\\Katalon\\KatalonTesting\\Test Cases\\Legacy Exports\\1 - ALIRT PC Export - First.tc</property>
  <property name="tag"></property>
  <property name="isOptional">false</property>
</record>
<record>
  <date>2020-09-29T16:31:55</date>
  <millis>1601411515957</millis>
  <sequence>7</sequence>
  <level>START</level>
  <class>com.kms.katalon.core.logging.XmlKeywordLogger</class>
  <method>startKeyword</method>
  <thread>1</thread>
  <message>Start action : openBrowser(\&amp;quot;\&amp;quot;)</message>
  <nestedLevel>1</nestedLevel>
  <property name="startLine">22</property>
  <property name="stepIndex">1</property>
</record>
<record>
  <date>2020-09-29T16:31:56</date>
  <millis>1601411516727</millis>
  <sequence>9</sequence>
  <level>INFO</level>
  <class>com.kms.katalon.core.logging.XmlKeywordLogger</class>
  <method>logMessage</method>
  <thread>1</thread>
  <message>Starting &amp;apos;Edge Chromium&amp;apos; driver</message>
  <nestedLevel>1</nestedLevel>
</record>
<record>
  <date>2020-09-29T16:31:59</date>
  <millis>1601411519612</millis>
  <sequence>11</sequence>
  <level>INFO</level>
  <class>com.kms.katalon.core.logging.XmlKeywordLogger</class>
  <method>logMessage</method>
  <thread>1</thread>
  <message>Action delay is set to 0 milliseconds</message>
  <nestedLevel>1</nestedLevel>
</record>
<record>
  <date>2020-09-29T16:32:04</date>
  <millis>1601411524259</millis>
  <sequence>13</sequence>
  <level>RUN_DATA</level>
  <class>com.kms.katalon.core.logging.XmlKeywordLogger</class>
  <method>logMessage</method>
  <thread>1</thread>
  <message>sessionId = 44c135e6aa9fdf7450b8d035d3ebf8f4</message>
  <nestedLevel>1</nestedLevel>
  <property name="sessionId">44c135e6aa9fdf7450b8d035d3ebf8f4</property>
</record>
<record>
  <date>2020-09-29T16:32:04</date>
  <millis>1601411524284</millis>
  <sequence>14</sequence>
  <level>RUN_DATA</level>
  <class>com.kms.katalon.core.logging.XmlKeywordLogger</class>
  <method>logMessage</method>
  <thread>1</thread>
  <message>browser = Edge Chromium 85</message>
  <nestedLevel>1</nestedLevel>
  <property name="browser">Edge Chromium 85</property>
</record>
<record>
  <date>2020-09-29T16:32:04</date>
  <millis>1601411524285</millis>
  <sequence>15</sequence>
  <level>RUN_DATA</level>
  <class>com.kms.katalon.core.logging.XmlKeywordLogger</class>
  <method>logMessage</method>
  <thread>1</thread>
  <message>platform = Windows 10</message>
  <nestedLevel>1</nestedLevel>
  <property name="platform">Windows 10</property>
</record>
<record>
  <date>2020-09-29T16:32:04</date>
  <millis>1601411524285</millis>
  <sequence>16</sequence>
  <level>RUN_DATA</level>
  <class>com.kms.katalon.core.logging.XmlKeywordLogger</class>
  <method>logMessage</method>
  <thread>1</thread>
  <message>seleniumVersion = 3.141.59</message>
  <nestedLevel>1</nestedLevel>
  <property name="seleniumVersion">3.141.59</property>
</record>
<record>
  <date>2020-09-29T16:32:04</date>
  <millis>1601411524287</millis>
  <sequence>17</sequence>
  <level>RUN_DATA</level>
  <class>com.kms.katalon.core.logging.XmlKeywordLogger</class>
  <method>logMessage</method>
  <thread>1</thread>
  <message>proxyInformation = ProxyInformation { proxyOption=NO_PROXY, proxyServerType=HTTP, username=, password=********, proxyServerAddress=, proxyServerPort=0, executionList=\&amp;quot;\&amp;quot;, isApplyToDesiredCapabilities=true }</message>
  <nestedLevel>1</nestedLevel>
  <property name="proxyInformation">ProxyInformation { proxyOption=NO_PROXY, proxyServerType=HTTP, username=, password=********, proxyServerAddress=, proxyServerPort=0, executionList=\&quot;\&quot;, isApplyToDesiredCapabilities=true }</property>
</record>
<record>
  <date>2020-09-29T16:32:04</date>
  <millis>1601411524298</millis>
  <sequence>18</sequence>
  <level>PASSED</level>
  <class>com.kms.katalon.core.logging.XmlKeywordLogger</class>
  <method>logMessage</method>
  <thread>1</thread>
  <message>Browser is opened with url: &amp;apos;&amp;apos;</message>
  <nestedLevel>1</nestedLevel>
</record>
<record>
  <date>2020-09-29T16:32:04</date>
  <millis>1601411524299</millis>
  <sequence>19</sequence>
  <level>END</level>
  <class>com.kms.katalon.core.logging.XmlKeywordLogger</class>
  <method>endKeyword</method>
  <thread>1</thread>
  <message>End action : openBrowser(\&amp;quot;\&amp;quot;)</message>
  <nestedLevel>1</nestedLevel>
</record>
<record>
  <date>2020-09-29T16:32:04</date>
  <millis>1601411524299</millis>
  <sequence>20</sequence>
  <level>START</level>
  <class>com.kms.katalon.core.logging.XmlKeywordLogger</class>
  <method>startKeyword</method>
  <thread>1</thread>
  <message>Start action : navigateToUrl(\&amp;quot;https://grid.nga.mil/testgrid/accounts/login/?next=/testgrid/export/aoi/38123/\&amp;quot;)</message>
  <nestedLevel>1</nestedLevel>
  <property name="startLine">24</property>
  <property name="stepIndex">2</property>
</record>
<record>
  <date>2020-09-29T16:32:05</date>
  <millis>1601411525120</millis>
  <sequence>23</sequence>
  <level>PASSED</level>
  <class>com.kms.katalon.core.logging.XmlKeywordLogger</class>
  <method>logMessage</method>
  <thread>1</thread>
  <message>Navigate to &amp;apos;https://grid.nga.mil/testgrid/accounts/login/?next=/testgrid/export/aoi/38123/&amp;apos; successfully</message>
  <nestedLevel>1</nestedLevel>
</record>
<record>
  <date>2020-09-29T16:32:05</date>
  <millis>1601411525121</millis>
  <sequence>24</sequence>
  <level>END</level>
  <class>com.kms.katalon.core.logging.XmlKeywordLogger</class>
  <method>endKeyword</method>
  <thread>1</thread>
  <message>End action : navigateToUrl(\&amp;quot;https://grid.nga.mil/testgrid/accounts/login/?next=/testgrid/export/aoi/38123/\&amp;quot;)</message>
  <nestedLevel>1</nestedLevel>
</record>
<record>
  <date>2020-09-29T16:32:05</date>
  <millis>1601411525123</millis>
  <sequence>25</sequence>
  <level>START</level>
  <class>com.kms.katalon.core.logging.XmlKeywordLogger</class>
  <method>startKeyword</method>
  <thread>1</thread>
  <message>Start action : click(findTestObject(\&amp;quot;Page_Login  GRiD/btn_CAC  GEOAxIS Login\&amp;quot;))</message>
  <nestedLevel>1</nestedLevel>
  <property name="startLine">26</property>
  <property name="stepIndex">3</property>
</record>
<record>
  <date>2020-09-29T16:32:54</date>
  <millis>1601411574198</millis>
  <sequence>2408</sequence>
  <level>PASSED</level>
  <class>com.kms.katalon.core.logging.XmlKeywordLogger</class>
  <method>logMessage</method>
  <thread>1</thread>
  <message>Object: &amp;apos;Object Repository/Page_Login  GRiD/btn_CAC  GEOAxIS Login&amp;apos; is clicked on</message>
  <nestedLevel>1</nestedLevel>
</record>
<record>
  <date>2020-09-29T16:32:54</date>
  <millis>1601411574199</millis>
  <sequence>2409</sequence>
  <level>END</level>
  <class>com.kms.katalon.core.logging.XmlKeywordLogger</class>
  <method>endKeyword</method>
  <thread>1</thread>
  <message>End action : click(findTestObject(\&amp;quot;Page_Login  GRiD/btn_CAC  GEOAxIS Login\&amp;quot;))</message>
  <nestedLevel>1</nestedLevel>
</record>
<record>
  <date>2020-09-29T16:32:54</date>
  <millis>1601411574199</millis>
  <sequence>2410</sequence>
  <level>START</level>
  <class>com.kms.katalon.core.logging.XmlKeywordLogger</class>
  <method>startKeyword</method>
  <thread>1</thread>
  <message>Start action : click(findTestObject(\&amp;quot;Page_AT-Pointcloud  GRiD/a_Export pointcloud data\&amp;quot;))</message>
  <nestedLevel>1</nestedLevel>
  <property name="startLine">28</property>
  <property name="stepIndex">4</property>
</record>
<record>
  <date>2020-09-29T16:32:58</date>
  <millis>1601411578938</millis>
  <sequence>2419</sequence>
  <level>PASSED</level>
  <class>com.kms.katalon.core.logging.XmlKeywordLogger</class>
  <method>logMessage</method>
  <thread>1</thread>
  <message>Object: &amp;apos;Object Repository/Page_AT-Pointcloud  GRiD/a_Export pointcloud data&amp;apos; is clicked on</message>
  <nestedLevel>1</nestedLevel>
</record>
<record>
  <date>2020-09-29T16:32:58</date>
  <millis>1601411578940</millis>
  <sequence>2420</sequence>
  <level>END</level>
  <class>com.kms.katalon.core.logging.XmlKeywordLogger</class>
  <method>endKeyword</method>
  <thread>1</thread>
  <message>End action : click(findTestObject(\&amp;quot;Page_AT-Pointcloud  GRiD/a_Export pointcloud data\&amp;quot;))</message>
  <nestedLevel>1</nestedLevel>
</record>
<record>
  <date>2020-09-29T16:32:58</date>
  <millis>1601411578940</millis>
  <sequence>2421</sequence>
  <level>START</level>
  <class>com.kms.katalon.core.logging.XmlKeywordLogger</class>
  <method>startKeyword</method>
  <thread>1</thread>
  <message>Start action : click(findTestObject(\&amp;quot;Page_AT-Pointcloud  GRiD/div_PC 20111014_41R751348 UNCLASSIFIEDFOUO _4b9ac9\&amp;quot;))</message>
  <nestedLevel>1</nestedLevel>
  <property name="startLine">30</property>
  <property name="stepIndex">5</property>
</record>
<record>
  <date>2020-09-29T16:32:59</date>
  <millis>1601411579103</millis>
  <sequence>2430</sequence>
  <level>PASSED</level>
  <class>com.kms.katalon.core.logging.XmlKeywordLogger</class>
  <method>logMessage</method>
  <thread>1</thread>
  <message>Object: &amp;apos;Object Repository/Page_AT-Pointcloud  GRiD/div_PC 20111014_41R751348 UNCLASSIFIEDFOUO _4b9ac9&amp;apos; is clicked on</message>
  <nestedLevel>1</nestedLevel>
</record>
<record>
  <date>2020-09-29T16:32:59</date>
  <millis>1601411579104</millis>
  <sequence>2431</sequence>
  <level>END</level>
  <class>com.kms.katalon.core.logging.XmlKeywordLogger</class>
  <method>endKeyword</method>
  <thread>1</thread>
  <message>End action : click(findTestObject(\&amp;quot;Page_AT-Pointcloud  GRiD/div_PC 20111014_41R751348 UNCLASSIFIEDFOUO _4b9ac9\&amp;quot;))</message>
  <nestedLevel>1</nestedLevel>
</record>
<record>
  <date>2020-09-29T16:32:59</date>
  <millis>1601411579104</millis>
  <sequence>2432</sequence>
  <level>START</level>
  <class>com.kms.katalon.core.logging.XmlKeywordLogger</class>
  <method>startKeyword</method>
  <thread>1</thread>
  <message>Start action : setText(findTestObject(\&amp;quot;Page_AT-Pointcloud  GRiD/input_Display Name_name\&amp;quot;), \&amp;quot;Katalon - ALIRT PC Export\&amp;quot;)</message>
  <nestedLevel>1</nestedLevel>
  <property name="startLine">32</property>
  <property name="stepIndex">6</property>
</record>
<record>
  <date>2020-09-29T16:32:59</date>
  <millis>1601411579336</millis>
  <sequence>2448</sequence>
  <level>PASSED</level>
  <class>com.kms.katalon.core.logging.XmlKeywordLogger</class>
  <method>logMessage</method>
  <thread>1</thread>
  <message>Text &amp;apos;Katalon - ALIRT PC Export&amp;apos; is set on object &amp;apos;Object Repository/Page_AT-Pointcloud  GRiD/input_Display Name_name&amp;apos;</message>
  <nestedLevel>1</nestedLevel>
</record>
<record>
  <date>2020-09-29T16:32:59</date>
  <millis>1601411579337</millis>
  <sequence>2449</sequence>
  <level>END</level>
  <class>com.kms.katalon.core.logging.XmlKeywordLogger</class>
  <method>endKeyword</method>
  <thread>1</thread>
  <message>End action : setText(findTestObject(\&amp;quot;Page_AT-Pointcloud  GRiD/input_Display Name_name\&amp;quot;), \&amp;quot;Katalon - ALIRT PC Export\&amp;quot;)</message>
  <nestedLevel>1</nestedLevel>
</record>
<record>
  <date>2020-09-29T16:32:59</date>
  <millis>1601411579338</millis>
  <sequence>2450</sequence>
  <level>START</level>
  <class>com.kms.katalon.core.logging.XmlKeywordLogger</class>
  <method>startKeyword</method>
  <thread>1</thread>
  <message>Start action : click(findTestObject(\&amp;quot;Page_AFE  GRiD/div_Cancel    Generate\&amp;quot;))</message>
  <nestedLevel>1</nestedLevel>
  <property name="startLine">34</property>
  <property name="stepIndex">7</property>
</record>
<record>
  <date>2020-09-29T16:33:06</date>
  <millis>1601411586277</millis>
  <sequence>2459</sequence>
  <level>PASSED</level>
  <class>com.kms.katalon.core.logging.XmlKeywordLogger</class>
  <method>logMessage</method>
  <thread>1</thread>
  <message>Object: &amp;apos;Object Repository/Page_AFE  GRiD/div_Cancel    Generate&amp;apos; is clicked on</message>
  <nestedLevel>1</nestedLevel>
</record>
<record>
  <date>2020-09-29T16:33:06</date>
  <millis>1601411586278</millis>
  <sequence>2460</sequence>
  <level>END</level>
  <class>com.kms.katalon.core.logging.XmlKeywordLogger</class>
  <method>endKeyword</method>
  <thread>1</thread>
  <message>End action : click(findTestObject(\&amp;quot;Page_AFE  GRiD/div_Cancel    Generate\&amp;quot;))</message>
  <nestedLevel>1</nestedLevel>
</record>
<record>
  <date>2020-09-29T16:33:06</date>
  <millis>1601411586278</millis>
  <sequence>2461</sequence>
  <level>START</level>
  <class>com.kms.katalon.core.logging.XmlKeywordLogger</class>
  <method>startKeyword</method>
  <thread>1</thread>
  <message>Start action : Thread.sleep(35000)</message>
  <nestedLevel>1</nestedLevel>
  <property name="startLine">36</property>
  <property name="stepIndex">8</property>
</record>
<record>
  <date>2020-09-29T16:33:41</date>
  <millis>1601411621283</millis>
  <sequence>2462</sequence>
  <level>END</level>
  <class>com.kms.katalon.core.logging.XmlKeywordLogger</class>
  <method>endKeyword</method>
  <thread>1</thread>
  <message>End action : Thread.sleep(35000)</message>
  <nestedLevel>1</nestedLevel>
</record>
<record>
  <date>2020-09-29T16:33:41</date>
  <millis>1601411621284</millis>
  <sequence>2463</sequence>
  <level>START</level>
  <class>com.kms.katalon.core.logging.XmlKeywordLogger</class>
  <method>startKeyword</method>
  <thread>1</thread>
  <message>Start action : verifyElementClickable(findTestObject(\&amp;quot;Page_AT-Pointcloud  GRiD/button_Download\&amp;quot;))</message>
  <nestedLevel>1</nestedLevel>
  <property name="startLine">38</property>
  <property name="stepIndex">9</property>
</record>
<record>
  <date>2020-09-29T16:33:41</date>
  <millis>1601411621367</millis>
  <sequence>2471</sequence>
  <level>PASSED</level>
  <class>com.kms.katalon.core.logging.XmlKeywordLogger</class>
  <method>logMessage</method>
  <thread>1</thread>
  <message>Object &amp;apos;Object Repository/Page_AT-Pointcloud  GRiD/button_Download&amp;apos; is clickable</message>
  <nestedLevel>1</nestedLevel>
</record>
<record>
  <date>2020-09-29T16:33:41</date>
  <millis>1601411621368</millis>
  <sequence>2472</sequence>
  <level>END</level>
  <class>com.kms.katalon.core.logging.XmlKeywordLogger</class>
  <method>endKeyword</method>
  <thread>1</thread>
  <message>End action : verifyElementClickable(findTestObject(\&amp;quot;Page_AT-Pointcloud  GRiD/button_Download\&amp;quot;))</message>
  <nestedLevel>1</nestedLevel>
</record>
<record>
  <date>2020-09-29T16:33:41</date>
  <millis>1601411621368</millis>
  <sequence>2473</sequence>
  <level>START</level>
  <class>com.kms.katalon.core.logging.XmlKeywordLogger</class>
  <method>startKeyword</method>
  <thread>1</thread>
  <message>Start action : click(findTestObject(\&amp;quot;Page_AT-Pointcloud  GRiD/button_Download\&amp;quot;))</message>
  <nestedLevel>1</nestedLevel>
  <property name="startLine">40</property>
  <property name="stepIndex">10</property>
</record>
<record>
  <date>2020-09-29T16:33:42</date>
  <millis>1601411622095</millis>
  <sequence>2482</sequence>
  <level>PASSED</level>
  <class>com.kms.katalon.core.logging.XmlKeywordLogger</class>
  <method>logMessage</method>
  <thread>1</thread>
  <message>Object: &amp;apos;Object Repository/Page_AT-Pointcloud  GRiD/button_Download&amp;apos; is clicked on</message>
  <nestedLevel>1</nestedLevel>
</record>
<record>
  <date>2020-09-29T16:33:42</date>
  <millis>1601411622096</millis>
  <sequence>2483</sequence>
  <level>END</level>
  <class>com.kms.katalon.core.logging.XmlKeywordLogger</class>
  <method>endKeyword</method>
  <thread>1</thread>
  <message>End action : click(findTestObject(\&amp;quot;Page_AT-Pointcloud  GRiD/button_Download\&amp;quot;))</message>
  <nestedLevel>1</nestedLevel>
</record>
<record>
  <date>2020-09-29T16:33:42</date>
  <millis>1601411622097</millis>
  <sequence>2484</sequence>
  <level>PASSED</level>
  <class>com.kms.katalon.core.logging.XmlKeywordLogger</class>
  <method>logMessage</method>
  <thread>1</thread>
  <message>Test Cases/Legacy Exports/1 - ALIRT PC Export - First</message>
  <nestedLevel>1</nestedLevel>
</record>
<record>
  <date>2020-09-29T16:33:42</date>
  <millis>1601411622098</millis>
  <sequence>2485</sequence>
  <level>END</level>
  <class>com.kms.katalon.core.logging.XmlKeywordLogger</class>
  <method>endTest</method>
  <thread>1</thread>
  <message>End Test Case : Test Cases/Legacy Exports/1 - ALIRT PC Export - First</message>
  <nestedLevel>0</nestedLevel>
</record>
<record>
  <date>2020-09-29T16:33:42</date>
  <millis>1601411622107</millis>
  <sequence>2486</sequence>
  <level>START</level>
  <class>com.kms.katalon.core.logging.XmlKeywordLogger</class>
  <method>startTest</method>
  <thread>1</thread>
  <message>Start Test Case : Test Cases/Legacy Exports/2 - SRT1F DSM Export</message>
  <nestedLevel>1</nestedLevel>
  <property name="name">Test Cases/Legacy Exports/2 - SRT1F DSM Export</property>
  <property name="description">AOI: AT-Pointcloud\nExport Workflow: Export Pointcloud\nFilter: None</property>
  <property name="id">Test Cases/Legacy Exports/2 - SRT1F DSM Export</property>
  <property name="source">C:\\Users\\NickLivas\\Documents\\Testing\\Katalon\\KatalonTesting\\Test Cases\\Legacy Exports\\2 - SRT1F DSM Export.tc</property>
  <property name="tag"></property>
  <property name="isOptional">false</property>
</record>
<record>
  <date>2020-09-29T16:33:42</date>
  <millis>1601411622315</millis>
  <sequence>2488</sequence>
  <level>START</level>
  <class>com.kms.katalon.core.logging.XmlKeywordLogger</class>
  <method>startKeyword</method>
  <thread>1</thread>
  <message>Start action : navigateToUrl(\&amp;quot;https://grid.nga.mil/testgrid/export/aoi/38115/\&amp;quot;)</message>
  <nestedLevel>1</nestedLevel>
  <property name="startLine">19</property>
  <property name="stepIndex">1</property>
</record>
<record>
  <date>2020-09-29T16:33:44</date>
  <millis>1601411624225</millis>
  <sequence>2491</sequence>
  <level>PASSED</level>
  <class>com.kms.katalon.core.logging.XmlKeywordLogger</class>
  <method>logMessage</method>
  <thread>1</thread>
  <message>Navigate to &amp;apos;https://grid.nga.mil/testgrid/export/aoi/38115/&amp;apos; successfully</message>
  <nestedLevel>1</nestedLevel>
</record>
<record>
  <date>2020-09-29T16:33:44</date>
  <millis>1601411624225</millis>
  <sequence>2492</sequence>
  <level>END</level>
  <class>com.kms.katalon.core.logging.XmlKeywordLogger</class>
  <method>endKeyword</method>
  <thread>1</thread>
  <message>End action : navigateToUrl(\&amp;quot;https://grid.nga.mil/testgrid/export/aoi/38115/\&amp;quot;)</message>
  <nestedLevel>1</nestedLevel>
</record>
<record>
  <date>2020-09-29T16:33:44</date>
  <millis>1601411624226</millis>
  <sequence>2493</sequence>
  <level>START</level>
  <class>com.kms.katalon.core.logging.XmlKeywordLogger</class>
  <method>startKeyword</method>
  <thread>1</thread>
  <message>Start action : click(findTestObject(\&amp;quot;Page_AT-Elevation  GRiD/a_Export DEMsimagery\&amp;quot;))</message>
  <nestedLevel>1</nestedLevel>
  <property name="startLine">21</property>
  <property name="stepIndex">2</property>
</record>
<record>
  <date>2020-09-29T16:33:51</date>
  <millis>1601411631835</millis>
  <sequence>2502</sequence>
  <level>PASSED</level>
  <class>com.kms.katalon.core.logging.XmlKeywordLogger</class>
  <method>logMessage</method>
  <thread>1</thread>
  <message>Object: &amp;apos;Object Repository/Page_AT-Elevation  GRiD/a_Export DEMsimagery&amp;apos; is clicked on</message>
  <nestedLevel>1</nestedLevel>
</record>
<record>
  <date>2020-09-29T16:33:51</date>
  <millis>1601411631836</millis>
  <sequence>2503</sequence>
  <level>END</level>
  <class>com.kms.katalon.core.logging.XmlKeywordLogger</class>
  <method>endKeyword</method>
  <thread>1</thread>
  <message>End action : click(findTestObject(\&amp;quot;Page_AT-Elevation  GRiD/a_Export DEMsimagery\&amp;quot;))</message>
  <nestedLevel>1</nestedLevel>
</record>
<record>
  <date>2020-09-29T16:33:51</date>
  <millis>1601411631836</millis>
  <sequence>2504</sequence>
  <level>START</level>
  <class>com.kms.katalon.core.logging.XmlKeywordLogger</class>
  <method>startKeyword</method>
  <thread>1</thread>
  <message>Start action : click(findTestObject(\&amp;quot;Object Repository/Page_AT-Elevation  GRiD/div_DSM - 20000222_1E375379 UNCLASSIFIED 20_10fcbe\&amp;quot;))</message>
  <nestedLevel>1</nestedLevel>
  <property name="startLine">23</property>
  <property name="stepIndex">3</property>
</record>
<record>
  <date>2020-09-29T16:33:51</date>
  <millis>1601411631978</millis>
  <sequence>2513</sequence>
  <level>PASSED</level>
  <class>com.kms.katalon.core.logging.XmlKeywordLogger</class>
  <method>logMessage</method>
  <thread>1</thread>
  <message>Object: &amp;apos;Object Repository/Page_AT-Elevation  GRiD/div_DSM - 20000222_1E375379 UNCLASSIFIED 20_10fcbe&amp;apos; is clicked on</message>
  <nestedLevel>1</nestedLevel>
</record>
<record>
  <date>2020-09-29T16:33:51</date>
  <millis>1601411631979</millis>
  <sequence>2514</sequence>
  <level>END</level>
  <class>com.kms.katalon.core.logging.XmlKeywordLogger</class>
  <method>endKeyword</method>
  <thread>1</thread>
  <message>End action : click(findTestObject(\&amp;quot;Object Repository/Page_AT-Elevation  GRiD/div_DSM - 20000222_1E375379 UNCLASSIFIED 20_10fcbe\&amp;quot;))</message>
  <nestedLevel>1</nestedLevel>
</record>
<record>
  <date>2020-09-29T16:33:51</date>
  <millis>1601411631980</millis>
  <sequence>2515</sequence>
  <level>START</level>
  <class>com.kms.katalon.core.logging.XmlKeywordLogger</class>
  <method>startKeyword</method>
  <thread>1</thread>
  <message>Start action : setText(findTestObject(\&amp;quot;Object Repository/Page_AT-Elevation  GRiD/input_Display Name_name\&amp;quot;), \&amp;quot;Katalon - SRT1F DSM Export\&amp;quot;)</message>
  <nestedLevel>1</nestedLevel>
  <property name="startLine">25</property>
  <property name="stepIndex">4</property>
</record>
<record>
  <date>2020-09-29T16:33:52</date>
  <millis>1601411632202</millis>
  <sequence>2531</sequence>
  <level>PASSED</level>
  <class>com.kms.katalon.core.logging.XmlKeywordLogger</class>
  <method>logMessage</method>
  <thread>1</thread>
  <message>Text &amp;apos;Katalon - SRT1F DSM Export&amp;apos; is set on object &amp;apos;Object Repository/Page_AT-Elevation  GRiD/input_Display Name_name&amp;apos;</message>
  <nestedLevel>1</nestedLevel>
</record>
<record>
  <date>2020-09-29T16:33:52</date>
  <millis>1601411632202</millis>
  <sequence>2532</sequence>
  <level>END</level>
  <class>com.kms.katalon.core.logging.XmlKeywordLogger</class>
  <method>endKeyword</method>
  <thread>1</thread>
  <message>End action : setText(findTestObject(\&amp;quot;Object Repository/Page_AT-Elevation  GRiD/input_Display Name_name\&amp;quot;), \&amp;quot;Katalon - SRT1F DSM Export\&amp;quot;)</message>
  <nestedLevel>1</nestedLevel>
</record>
<record>
  <date>2020-09-29T16:33:52</date>
  <millis>1601411632203</millis>
  <sequence>2533</sequence>
  <level>START</level>
  <class>com.kms.katalon.core.logging.XmlKeywordLogger</class>
  <method>startKeyword</method>
  <thread>1</thread>
  <message>Start action : click(findTestObject(\&amp;quot;Page_AFE  GRiD/div_Cancel    Generate\&amp;quot;))</message>
  <nestedLevel>1</nestedLevel>
  <property name="startLine">27</property>
  <property name="stepIndex">5</property>
</record>
<record>
  <date>2020-09-29T16:34:01</date>
  <millis>1601411641119</millis>
  <sequence>2542</sequence>
  <level>PASSED</level>
  <class>com.kms.katalon.core.logging.XmlKeywordLogger</class>
  <method>logMessage</method>
  <thread>1</thread>
  <message>Object: &amp;apos;Object Repository/Page_AFE  GRiD/div_Cancel    Generate&amp;apos; is clicked on</message>
  <nestedLevel>1</nestedLevel>
</record>
<record>
  <date>2020-09-29T16:34:01</date>
  <millis>1601411641121</millis>
  <sequence>2543</sequence>
  <level>END</level>
  <class>com.kms.katalon.core.logging.XmlKeywordLogger</class>
  <method>endKeyword</method>
  <thread>1</thread>
  <message>End action : click(findTestObject(\&amp;quot;Page_AFE  GRiD/div_Cancel    Generate\&amp;quot;))</message>
  <nestedLevel>1</nestedLevel>
</record>
<record>
  <date>2020-09-29T16:34:01</date>
  <millis>1601411641121</millis>
  <sequence>2544</sequence>
  <level>START</level>
  <class>com.kms.katalon.core.logging.XmlKeywordLogger</class>
  <method>startKeyword</method>
  <thread>1</thread>
  <message>Start action : Thread.sleep(35000)</message>
  <nestedLevel>1</nestedLevel>
  <property name="startLine">29</property>
  <property name="stepIndex">6</property>
</record>
<record>
  <date>2020-09-29T16:34:36</date>
  <millis>1601411676123</millis>
  <sequence>2545</sequence>
  <level>END</level>
  <class>com.kms.katalon.core.logging.XmlKeywordLogger</class>
  <method>endKeyword</method>
  <thread>1</thread>
  <message>End action : Thread.sleep(35000)</message>
  <nestedLevel>1</nestedLevel>
</record>
<record>
  <date>2020-09-29T16:34:36</date>
  <millis>1601411676125</millis>
  <sequence>2546</sequence>
  <level>START</level>
  <class>com.kms.katalon.core.logging.XmlKeywordLogger</class>
  <method>startKeyword</method>
  <thread>1</thread>
  <message>Start action : verifyElementClickable(findTestObject(\&amp;quot;Page_AT-Pointcloud  GRiD/button_Download\&amp;quot;))</message>
  <nestedLevel>1</nestedLevel>
  <property name="startLine">31</property>
  <property name="stepIndex">7</property>
</record>
<record>
  <date>2020-09-29T16:34:36</date>
  <millis>1601411676203</millis>
  <sequence>2554</sequence>
  <level>PASSED</level>
  <class>com.kms.katalon.core.logging.XmlKeywordLogger</class>
  <method>logMessage</method>
  <thread>1</thread>
  <message>Object &amp;apos;Object Repository/Page_AT-Pointcloud  GRiD/button_Download&amp;apos; is clickable</message>
  <nestedLevel>1</nestedLevel>
</record>
<record>
  <date>2020-09-29T16:34:36</date>
  <millis>1601411676203</millis>
  <sequence>2555</sequence>
  <level>END</level>
  <class>com.kms.katalon.core.logging.XmlKeywordLogger</class>
  <method>endKeyword</method>
  <thread>1</thread>
  <message>End action : verifyElementClickable(findTestObject(\&amp;quot;Page_AT-Pointcloud  GRiD/button_Download\&amp;quot;))</message>
  <nestedLevel>1</nestedLevel>
</record>
<record>
  <date>2020-09-29T16:34:36</date>
  <millis>1601411676203</millis>
  <sequence>2556</sequence>
  <level>START</level>
  <class>com.kms.katalon.core.logging.XmlKeywordLogger</class>
  <method>startKeyword</method>
  <thread>1</thread>
  <message>Start action : click(findTestObject(\&amp;quot;Page_AT-Elevation  GRiD/button_Download\&amp;quot;))</message>
  <nestedLevel>1</nestedLevel>
  <property name="startLine">33</property>
  <property name="stepIndex">8</property>
</record>
<record>
  <date>2020-09-29T16:34:36</date>
  <millis>1601411676290</millis>
  <sequence>2565</sequence>
  <level>PASSED</level>
  <class>com.kms.katalon.core.logging.XmlKeywordLogger</class>
  <method>logMessage</method>
  <thread>1</thread>
  <message>Object: &amp;apos;Object Repository/Page_AT-Elevation  GRiD/button_Download&amp;apos; is clicked on</message>
  <nestedLevel>1</nestedLevel>
</record>
<record>
  <date>2020-09-29T16:34:36</date>
  <millis>1601411676291</millis>
  <sequence>2566</sequence>
  <level>END</level>
  <class>com.kms.katalon.core.logging.XmlKeywordLogger</class>
  <method>endKeyword</method>
  <thread>1</thread>
  <message>End action : click(findTestObject(\&amp;quot;Page_AT-Elevation  GRiD/button_Download\&amp;quot;))</message>
  <nestedLevel>1</nestedLevel>
</record>
<record>
  <date>2020-09-29T16:34:36</date>
  <millis>1601411676292</millis>
  <sequence>2567</sequence>
  <level>PASSED</level>
  <class>com.kms.katalon.core.logging.XmlKeywordLogger</class>
  <method>logMessage</method>
  <thread>1</thread>
  <message>Test Cases/Legacy Exports/2 - SRT1F DSM Export</message>
  <nestedLevel>1</nestedLevel>
</record>
<record>
  <date>2020-09-29T16:34:36</date>
  <millis>1601411676293</millis>
  <sequence>2568</sequence>
  <level>END</level>
  <class>com.kms.katalon.core.logging.XmlKeywordLogger</class>
  <method>endTest</method>
  <thread>1</thread>
  <message>End Test Case : Test Cases/Legacy Exports/2 - SRT1F DSM Export</message>
  <nestedLevel>0</nestedLevel>
</record>
<record>
  <date>2020-09-29T16:34:36</date>
  <millis>1601411676298</millis>
  <sequence>2569</sequence>
  <level>START</level>
  <class>com.kms.katalon.core.logging.XmlKeywordLogger</class>
  <method>startTest</method>
  <thread>1</thread>
  <message>Start Test Case : Test Cases/Legacy Exports/3 - DTED0 DTM Export</message>
  <nestedLevel>1</nestedLevel>
  <property name="name">Test Cases/Legacy Exports/3 - DTED0 DTM Export</property>
  <property name="description">AOI: AT-Pointcloud\nExport Workflow: Export Pointcloud\nFilter: None</property>
  <property name="id">Test Cases/Legacy Exports/3 - DTED0 DTM Export</property>
  <property name="source">C:\\Users\\NickLivas\\Documents\\Testing\\Katalon\\KatalonTesting\\Test Cases\\Legacy Exports\\3 - DTED0 DTM Export.tc</property>
  <property name="tag"></property>
  <property name="isOptional">false</property>
</record>
<record>
  <date>2020-09-29T16:34:36</date>
  <millis>1601411676499</millis>
  <sequence>2571</sequence>
  <level>START</level>
  <class>com.kms.katalon.core.logging.XmlKeywordLogger</class>
  <method>startKeyword</method>
  <thread>1</thread>
  <message>Start action : navigateToUrl(\&amp;quot;https://grid.nga.mil/testgrid/export/aoi/36744/\&amp;quot;)</message>
  <nestedLevel>1</nestedLevel>
  <property name="startLine">19</property>
  <property name="stepIndex">1</property>
</record>
<record>
  <date>2020-09-29T16:34:38</date>
  <millis>1601411678168</millis>
  <sequence>2574</sequence>
  <level>PASSED</level>
  <class>com.kms.katalon.core.logging.XmlKeywordLogger</class>
  <method>logMessage</method>
  <thread>1</thread>
  <message>Navigate to &amp;apos;https://grid.nga.mil/testgrid/export/aoi/36744/&amp;apos; successfully</message>
  <nestedLevel>1</nestedLevel>
</record>
<record>
  <date>2020-09-29T16:34:38</date>
  <millis>1601411678168</millis>
  <sequence>2575</sequence>
  <level>END</level>
  <class>com.kms.katalon.core.logging.XmlKeywordLogger</class>
  <method>endKeyword</method>
  <thread>1</thread>
  <message>End action : navigateToUrl(\&amp;quot;https://grid.nga.mil/testgrid/export/aoi/36744/\&amp;quot;)</message>
  <nestedLevel>1</nestedLevel>
</record>
<record>
  <date>2020-09-29T16:34:38</date>
  <millis>1601411678169</millis>
  <sequence>2576</sequence>
  <level>START</level>
  <class>com.kms.katalon.core.logging.XmlKeywordLogger</class>
  <method>startKeyword</method>
  <thread>1</thread>
  <message>Start action : click(findTestObject(\&amp;quot;Page_AT-Elevation  GRiD/a_Export DEMsimagery\&amp;quot;))</message>
  <nestedLevel>1</nestedLevel>
  <property name="startLine">21</property>
  <property name="stepIndex">2</property>
</record>
<record>
  <date>2020-09-29T16:34:44</date>
  <millis>1601411684585</millis>
  <sequence>2585</sequence>
  <level>PASSED</level>
  <class>com.kms.katalon.core.logging.XmlKeywordLogger</class>
  <method>logMessage</method>
  <thread>1</thread>
  <message>Object: &amp;apos;Object Repository/Page_AT-Elevation  GRiD/a_Export DEMsimagery&amp;apos; is clicked on</message>
  <nestedLevel>1</nestedLevel>
</record>
<record>
  <date>2020-09-29T16:34:44</date>
  <millis>1601411684586</millis>
  <sequence>2586</sequence>
  <level>END</level>
  <class>com.kms.katalon.core.logging.XmlKeywordLogger</class>
  <method>endKeyword</method>
  <thread>1</thread>
  <message>End action : click(findTestObject(\&amp;quot;Page_AT-Elevation  GRiD/a_Export DEMsimagery\&amp;quot;))</message>
  <nestedLevel>1</nestedLevel>
</record>
<record>
  <date>2020-09-29T16:34:44</date>
  <millis>1601411684586</millis>
  <sequence>2587</sequence>
  <level>START</level>
  <class>com.kms.katalon.core.logging.XmlKeywordLogger</class>
  <method>startKeyword</method>
  <thread>1</thread>
  <message>Start action : click(findTestObject(\&amp;quot;Page_AT-Elevation  GRiD/div_DTM - 20010601_1C461111 UNCLASSIFIED 20_b4b6ea\&amp;quot;))</message>
  <nestedLevel>1</nestedLevel>
  <property name="startLine">23</property>
  <property name="stepIndex">3</property>
</record>
<record>
  <date>2020-09-29T16:34:44</date>
  <millis>1601411684732</millis>
  <sequence>2596</sequence>
  <level>PASSED</level>
  <class>com.kms.katalon.core.logging.XmlKeywordLogger</class>
  <method>logMessage</method>
  <thread>1</thread>
  <message>Object: &amp;apos;Object Repository/Page_AT-Elevation  GRiD/div_DTM - 20010601_1C461111 UNCLASSIFIED 20_b4b6ea&amp;apos; is clicked on</message>
  <nestedLevel>1</nestedLevel>
</record>
<record>
  <date>2020-09-29T16:34:44</date>
  <millis>1601411684733</millis>
  <sequence>2597</sequence>
  <level>END</level>
  <class>com.kms.katalon.core.logging.XmlKeywordLogger</class>
  <method>endKeyword</method>
  <thread>1</thread>
  <message>End action : click(findTestObject(\&amp;quot;Page_AT-Elevation  GRiD/div_DTM - 20010601_1C461111 UNCLASSIFIED 20_b4b6ea\&amp;quot;))</message>
  <nestedLevel>1</nestedLevel>
</record>
<record>
  <date>2020-09-29T16:34:44</date>
  <millis>1601411684733</millis>
  <sequence>2598</sequence>
  <level>START</level>
  <class>com.kms.katalon.core.logging.XmlKeywordLogger</class>
  <method>startKeyword</method>
  <thread>1</thread>
  <message>Start action : setText(findTestObject(\&amp;quot;Page_AT-Elevation  GRiD/input_Display Name_name\&amp;quot;), \&amp;quot;Katalon - DTED0 DTM Export\&amp;quot;)</message>
  <nestedLevel>1</nestedLevel>
  <property name="startLine">25</property>
  <property name="stepIndex">4</property>
</record>
<record>
  <date>2020-09-29T16:34:44</date>
  <millis>1601411684933</millis>
  <sequence>2614</sequence>
  <level>PASSED</level>
  <class>com.kms.katalon.core.logging.XmlKeywordLogger</class>
  <method>logMessage</method>
  <thread>1</thread>
  <message>Text &amp;apos;Katalon - DTED0 DTM Export&amp;apos; is set on object &amp;apos;Object Repository/Page_AT-Elevation  GRiD/input_Display Name_name&amp;apos;</message>
  <nestedLevel>1</nestedLevel>
</record>
<record>
  <date>2020-09-29T16:34:44</date>
  <millis>1601411684934</millis>
  <sequence>2615</sequence>
  <level>END</level>
  <class>com.kms.katalon.core.logging.XmlKeywordLogger</class>
  <method>endKeyword</method>
  <thread>1</thread>
  <message>End action : setText(findTestObject(\&amp;quot;Page_AT-Elevation  GRiD/input_Display Name_name\&amp;quot;), \&amp;quot;Katalon - DTED0 DTM Export\&amp;quot;)</message>
  <nestedLevel>1</nestedLevel>
</record>
<record>
  <date>2020-09-29T16:34:44</date>
  <millis>1601411684934</millis>
  <sequence>2616</sequence>
  <level>START</level>
  <class>com.kms.katalon.core.logging.XmlKeywordLogger</class>
  <method>startKeyword</method>
  <thread>1</thread>
  <message>Start action : click(findTestObject(\&amp;quot;Page_AFE  GRiD/div_Cancel    Generate\&amp;quot;))</message>
  <nestedLevel>1</nestedLevel>
  <property name="startLine">27</property>
  <property name="stepIndex">5</property>
</record>
<record>
  <date>2020-09-29T16:34:52</date>
  <millis>1601411692897</millis>
  <sequence>2625</sequence>
  <level>PASSED</level>
  <class>com.kms.katalon.core.logging.XmlKeywordLogger</class>
  <method>logMessage</method>
  <thread>1</thread>
  <message>Object: &amp;apos;Object Repository/Page_AFE  GRiD/div_Cancel    Generate&amp;apos; is clicked on</message>
  <nestedLevel>1</nestedLevel>
</record>
<record>
  <date>2020-09-29T16:34:52</date>
  <millis>1601411692899</millis>
  <sequence>2626</sequence>
  <level>END</level>
  <class>com.kms.katalon.core.logging.XmlKeywordLogger</class>
  <method>endKeyword</method>
  <thread>1</thread>
  <message>End action : click(findTestObject(\&amp;quot;Page_AFE  GRiD/div_Cancel    Generate\&amp;quot;))</message>
  <nestedLevel>1</nestedLevel>
</record>
<record>
  <date>2020-09-29T16:34:52</date>
  <millis>1601411692899</millis>
  <sequence>2627</sequence>
  <level>START</level>
  <class>com.kms.katalon.core.logging.XmlKeywordLogger</class>
  <method>startKeyword</method>
  <thread>1</thread>
  <message>Start action : Thread.sleep(30000)</message>
  <nestedLevel>1</nestedLevel>
  <property name="startLine">29</property>
  <property name="stepIndex">6</property>
</record>
<record>
  <date>2020-09-29T16:35:22</date>
  <millis>1601411722900</millis>
  <sequence>2628</sequence>
  <level>END</level>
  <class>com.kms.katalon.core.logging.XmlKeywordLogger</class>
  <method>endKeyword</method>
  <thread>1</thread>
  <message>End action : Thread.sleep(30000)</message>
  <nestedLevel>1</nestedLevel>
</record>
<record>
  <date>2020-09-29T16:35:22</date>
  <millis>1601411722900</millis>
  <sequence>2629</sequence>
  <level>START</level>
  <class>com.kms.katalon.core.logging.XmlKeywordLogger</class>
  <method>startKeyword</method>
  <thread>1</thread>
  <message>Start action : verifyElementClickable(findTestObject(\&amp;quot;Page_AT-Pointcloud  GRiD/button_Download\&amp;quot;))</message>
  <nestedLevel>1</nestedLevel>
  <property name="startLine">31</property>
  <property name="stepIndex">7</property>
</record>
<record>
  <date>2020-09-29T16:35:22</date>
  <millis>1601411722979</millis>
  <sequence>2637</sequence>
  <level>PASSED</level>
  <class>com.kms.katalon.core.logging.XmlKeywordLogger</class>
  <method>logMessage</method>
  <thread>1</thread>
  <message>Object &amp;apos;Object Repository/Page_AT-Pointcloud  GRiD/button_Download&amp;apos; is clickable</message>
  <nestedLevel>1</nestedLevel>
</record>
<record>
  <date>2020-09-29T16:35:22</date>
  <millis>1601411722979</millis>
  <sequence>2638</sequence>
  <level>END</level>
  <class>com.kms.katalon.core.logging.XmlKeywordLogger</class>
  <method>endKeyword</method>
  <thread>1</thread>
  <message>End action : verifyElementClickable(findTestObject(\&amp;quot;Page_AT-Pointcloud  GRiD/button_Download\&amp;quot;))</message>
  <nestedLevel>1</nestedLevel>
</record>
<record>
  <date>2020-09-29T16:35:22</date>
  <millis>1601411722979</millis>
  <sequence>2639</sequence>
  <level>START</level>
  <class>com.kms.katalon.core.logging.XmlKeywordLogger</class>
  <method>startKeyword</method>
  <thread>1</thread>
  <message>Start action : click(findTestObject(\&amp;quot;Page_AT-Elevation  GRiD/button_Download\&amp;quot;))</message>
  <nestedLevel>1</nestedLevel>
  <property name="startLine">33</property>
  <property name="stepIndex">8</property>
</record>
<record>
  <date>2020-09-29T16:35:23</date>
  <millis>1601411723073</millis>
  <sequence>2648</sequence>
  <level>PASSED</level>
  <class>com.kms.katalon.core.logging.XmlKeywordLogger</class>
  <method>logMessage</method>
  <thread>1</thread>
  <message>Object: &amp;apos;Object Repository/Page_AT-Elevation  GRiD/button_Download&amp;apos; is clicked on</message>
  <nestedLevel>1</nestedLevel>
</record>
<record>
  <date>2020-09-29T16:35:23</date>
  <millis>1601411723074</millis>
  <sequence>2649</sequence>
  <level>END</level>
  <class>com.kms.katalon.core.logging.XmlKeywordLogger</class>
  <method>endKeyword</method>
  <thread>1</thread>
  <message>End action : click(findTestObject(\&amp;quot;Page_AT-Elevation  GRiD/button_Download\&amp;quot;))</message>
  <nestedLevel>1</nestedLevel>
</record>
<record>
  <date>2020-09-29T16:35:23</date>
  <millis>1601411723074</millis>
  <sequence>2650</sequence>
  <level>PASSED</level>
  <class>com.kms.katalon.core.logging.XmlKeywordLogger</class>
  <method>logMessage</method>
  <thread>1</thread>
  <message>Test Cases/Legacy Exports/3 - DTED0 DTM Export</message>
  <nestedLevel>1</nestedLevel>
</record>
<record>
  <date>2020-09-29T16:35:23</date>
  <millis>1601411723075</millis>
  <sequence>2651</sequence>
  <level>END</level>
  <class>com.kms.katalon.core.logging.XmlKeywordLogger</class>
  <method>endTest</method>
  <thread>1</thread>
  <message>End Test Case : Test Cases/Legacy Exports/3 - DTED0 DTM Export</message>
  <nestedLevel>0</nestedLevel>
</record>
<record>
  <date>2020-09-29T16:35:23</date>
  <millis>1601411723078</millis>
  <sequence>2652</sequence>
  <level>START</level>
  <class>com.kms.katalon.core.logging.XmlKeywordLogger</class>
  <method>startTest</method>
  <thread>1</thread>
  <message>Start Test Case : Test Cases/Legacy Exports/4 - ALIRT Intensity Export</message>
  <nestedLevel>1</nestedLevel>
  <property name="name">Test Cases/Legacy Exports/4 - ALIRT Intensity Export</property>
  <property name="description">AOI: AT-Pointcloud\nExport Workflow: Export Pointcloud\nFilter: None</property>
  <property name="id">Test Cases/Legacy Exports/4 - ALIRT Intensity Export</property>
  <property name="source">C:\\Users\\NickLivas\\Documents\\Testing\\Katalon\\KatalonTesting\\Test Cases\\Legacy Exports\\4 - ALIRT Intensity Export.tc</property>
  <property name="tag"></property>
  <property name="isOptional">false</property>
</record>
<record>
  <date>2020-09-29T16:35:23</date>
  <millis>1601411723269</millis>
  <sequence>2654</sequence>
  <level>START</level>
  <class>com.kms.katalon.core.logging.XmlKeywordLogger</class>
  <method>startKeyword</method>
  <thread>1</thread>
  <message>Start action : navigateToUrl(\&amp;quot;https://grid.nga.mil/testgrid/export/aoi/38117/\&amp;quot;)</message>
  <nestedLevel>1</nestedLevel>
  <property name="startLine">19</property>
  <property name="stepIndex">1</property>
</record>
<record>
  <date>2020-09-29T16:35:25</date>
  <millis>1601411725359</millis>
  <sequence>2657</sequence>
  <level>PASSED</level>
  <class>com.kms.katalon.core.logging.XmlKeywordLogger</class>
  <method>logMessage</method>
  <thread>1</thread>
  <message>Navigate to &amp;apos;https://grid.nga.mil/testgrid/export/aoi/38117/&amp;apos; successfully</message>
  <nestedLevel>1</nestedLevel>
</record>
<record>
  <date>2020-09-29T16:35:25</date>
  <millis>1601411725360</millis>
  <sequence>2658</sequence>
  <level>END</level>
  <class>com.kms.katalon.core.logging.XmlKeywordLogger</class>
  <method>endKeyword</method>
  <thread>1</thread>
  <message>End action : navigateToUrl(\&amp;quot;https://grid.nga.mil/testgrid/export/aoi/38117/\&amp;quot;)</message>
  <nestedLevel>1</nestedLevel>
</record>
<record>
  <date>2020-09-29T16:35:25</date>
  <millis>1601411725360</millis>
  <sequence>2659</sequence>
  <level>START</level>
  <class>com.kms.katalon.core.logging.XmlKeywordLogger</class>
  <method>startKeyword</method>
  <thread>1</thread>
  <message>Start action : click(findTestObject(\&amp;quot;Object Repository/Page_AT-Imagery  GRiD/a_Export DEMsimagery\&amp;quot;))</message>
  <nestedLevel>1</nestedLevel>
  <property name="startLine">21</property>
  <property name="stepIndex">2</property>
</record>
<record>
  <date>2020-09-29T16:35:39</date>
  <millis>1601411739644</millis>
  <sequence>2668</sequence>
  <level>PASSED</level>
  <class>com.kms.katalon.core.logging.XmlKeywordLogger</class>
  <method>logMessage</method>
  <thread>1</thread>
  <message>Object: &amp;apos;Object Repository/Page_AT-Imagery  GRiD/a_Export DEMsimagery&amp;apos; is clicked on</message>
  <nestedLevel>1</nestedLevel>
</record>
<record>
  <date>2020-09-29T16:35:39</date>
  <millis>1601411739649</millis>
  <sequence>2669</sequence>
  <level>END</level>
  <class>com.kms.katalon.core.logging.XmlKeywordLogger</class>
  <method>endKeyword</method>
  <thread>1</thread>
  <message>End action : click(findTestObject(\&amp;quot;Object Repository/Page_AT-Imagery  GRiD/a_Export DEMsimagery\&amp;quot;))</message>
  <nestedLevel>1</nestedLevel>
</record>
<record>
  <date>2020-09-29T16:35:39</date>
  <millis>1601411739650</millis>
  <sequence>2670</sequence>
  <level>START</level>
  <class>com.kms.katalon.core.logging.XmlKeywordLogger</class>
  <method>startKeyword</method>
  <thread>1</thread>
  <message>Start action : click(findTestObject(\&amp;quot;Object Repository/Page_AT-Imagery  GRiD/input_ALIRT_library\&amp;quot;))</message>
  <nestedLevel>1</nestedLevel>
  <property name="startLine">23</property>
  <property name="stepIndex">3</property>
</record>
<record>
  <date>2020-09-29T16:35:39</date>
  <millis>1601411739810</millis>
  <sequence>2679</sequence>
  <level>PASSED</level>
  <class>com.kms.katalon.core.logging.XmlKeywordLogger</class>
  <method>logMessage</method>
  <thread>1</thread>
  <message>Object: &amp;apos;Object Repository/Page_AT-Imagery  GRiD/input_ALIRT_library&amp;apos; is clicked on</message>
  <nestedLevel>1</nestedLevel>
</record>
<record>
  <date>2020-09-29T16:35:39</date>
  <millis>1601411739811</millis>
  <sequence>2680</sequence>
  <level>END</level>
  <class>com.kms.katalon.core.logging.XmlKeywordLogger</class>
  <method>endKeyword</method>
  <thread>1</thread>
  <message>End action : click(findTestObject(\&amp;quot;Object Repository/Page_AT-Imagery  GRiD/input_ALIRT_library\&amp;quot;))</message>
  <nestedLevel>1</nestedLevel>
</record>
<record>
  <date>2020-09-29T16:35:39</date>
  <millis>1601411739811</millis>
  <sequence>2681</sequence>
  <level>START</level>
  <class>com.kms.katalon.core.logging.XmlKeywordLogger</class>
  <method>startKeyword</method>
  <thread>1</thread>
  <message>Start action : click(findTestObject(\&amp;quot;Page_AT-Imagery  GRiD/div_Intensity - 20111014_41R751348 UNCLASSI_1a1436\&amp;quot;))</message>
  <nestedLevel>1</nestedLevel>
  <property name="startLine">25</property>
  <property name="stepIndex">4</property>
</record>
<record>
  <date>2020-09-29T16:35:39</date>
  <millis>1601411739917</millis>
  <sequence>2690</sequence>
  <level>PASSED</level>
  <class>com.kms.katalon.core.logging.XmlKeywordLogger</class>
  <method>logMessage</method>
  <thread>1</thread>
  <message>Object: &amp;apos;Object Repository/Page_AT-Imagery  GRiD/div_Intensity - 20111014_41R751348 UNCLASSI_1a1436&amp;apos; is clicked on</message>
  <nestedLevel>1</nestedLevel>
</record>
<record>
  <date>2020-09-29T16:35:39</date>
  <millis>1601411739918</millis>
  <sequence>2691</sequence>
  <level>END</level>
  <class>com.kms.katalon.core.logging.XmlKeywordLogger</class>
  <method>endKeyword</method>
  <thread>1</thread>
  <message>End action : click(findTestObject(\&amp;quot;Page_AT-Imagery  GRiD/div_Intensity - 20111014_41R751348 UNCLASSI_1a1436\&amp;quot;))</message>
  <nestedLevel>1</nestedLevel>
</record>
<record>
  <date>2020-09-29T16:35:39</date>
  <millis>1601411739919</millis>
  <sequence>2692</sequence>
  <level>START</level>
  <class>com.kms.katalon.core.logging.XmlKeywordLogger</class>
  <method>startKeyword</method>
  <thread>1</thread>
  <message>Start action : setText(findTestObject(\&amp;quot;Object Repository/Page_AT-Imagery  GRiD/input_Display Name_name\&amp;quot;), \&amp;quot;Katalon - ALIRT Intensity Export\&amp;quot;)</message>
  <nestedLevel>1</nestedLevel>
  <property name="startLine">27</property>
  <property name="stepIndex">5</property>
</record>
<record>
  <date>2020-09-29T16:35:40</date>
  <millis>1601411740086</millis>
  <sequence>2708</sequence>
  <level>PASSED</level>
  <class>com.kms.katalon.core.logging.XmlKeywordLogger</class>
  <method>logMessage</method>
  <thread>1</thread>
  <message>Text &amp;apos;Katalon - ALIRT Intensity Export&amp;apos; is set on object &amp;apos;Object Repository/Page_AT-Imagery  GRiD/input_Display Name_name&amp;apos;</message>
  <nestedLevel>1</nestedLevel>
</record>
<record>
  <date>2020-09-29T16:35:40</date>
  <millis>1601411740087</millis>
  <sequence>2709</sequence>
  <level>END</level>
  <class>com.kms.katalon.core.logging.XmlKeywordLogger</class>
  <method>endKeyword</method>
  <thread>1</thread>
  <message>End action : setText(findTestObject(\&amp;quot;Object Repository/Page_AT-Imagery  GRiD/input_Display Name_name\&amp;quot;), \&amp;quot;Katalon - ALIRT Intensity Export\&amp;quot;)</message>
  <nestedLevel>1</nestedLevel>
</record>
<record>
  <date>2020-09-29T16:35:40</date>
  <millis>1601411740087</millis>
  <sequence>2710</sequence>
  <level>START</level>
  <class>com.kms.katalon.core.logging.XmlKeywordLogger</class>
  <method>startKeyword</method>
  <thread>1</thread>
  <message>Start action : click(findTestObject(\&amp;quot;Page_AFE  GRiD/div_Cancel    Generate\&amp;quot;))</message>
  <nestedLevel>1</nestedLevel>
  <property name="startLine">29</property>
  <property name="stepIndex">6</property>
</record>
<record>
  <date>2020-09-29T16:35:56</date>
  <millis>1601411756355</millis>
  <sequence>2719</sequence>
  <level>PASSED</level>
  <class>com.kms.katalon.core.logging.XmlKeywordLogger</class>
  <method>logMessage</method>
  <thread>1</thread>
  <message>Object: &amp;apos;Object Repository/Page_AFE  GRiD/div_Cancel    Generate&amp;apos; is clicked on</message>
  <nestedLevel>1</nestedLevel>
</record>
<record>
  <date>2020-09-29T16:35:56</date>
  <millis>1601411756356</millis>
  <sequence>2720</sequence>
  <level>END</level>
  <class>com.kms.katalon.core.logging.XmlKeywordLogger</class>
  <method>endKeyword</method>
  <thread>1</thread>
  <message>End action : click(findTestObject(\&amp;quot;Page_AFE  GRiD/div_Cancel    Generate\&amp;quot;))</message>
  <nestedLevel>1</nestedLevel>
</record>
<record>
  <date>2020-09-29T16:35:56</date>
  <millis>1601411756356</millis>
  <sequence>2721</sequence>
  <level>START</level>
  <class>com.kms.katalon.core.logging.XmlKeywordLogger</class>
  <method>startKeyword</method>
  <thread>1</thread>
  <message>Start action : Thread.sleep(30000)</message>
  <nestedLevel>1</nestedLevel>
  <property name="startLine">31</property>
  <property name="stepIndex">7</property>
</record>
<record>
  <date>2020-09-29T16:36:26</date>
  <millis>1601411786357</millis>
  <sequence>2722</sequence>
  <level>END</level>
  <class>com.kms.katalon.core.logging.XmlKeywordLogger</class>
  <method>endKeyword</method>
  <thread>1</thread>
  <message>End action : Thread.sleep(30000)</message>
  <nestedLevel>1</nestedLevel>
</record>
<record>
  <date>2020-09-29T16:36:26</date>
  <millis>1601411786359</millis>
  <sequence>2723</sequence>
  <level>START</level>
  <class>com.kms.katalon.core.logging.XmlKeywordLogger</class>
  <method>startKeyword</method>
  <thread>1</thread>
  <message>Start action : verifyElementClickable(findTestObject(\&amp;quot;Page_AT-Pointcloud  GRiD/button_Download\&amp;quot;))</message>
  <nestedLevel>1</nestedLevel>
  <property name="startLine">33</property>
  <property name="stepIndex">8</property>
</record>
<record>
  <date>2020-09-29T16:36:26</date>
  <millis>1601411786443</millis>
  <sequence>2731</sequence>
  <level>PASSED</level>
  <class>com.kms.katalon.core.logging.XmlKeywordLogger</class>
  <method>logMessage</method>
  <thread>1</thread>
  <message>Object &amp;apos;Object Repository/Page_AT-Pointcloud  GRiD/button_Download&amp;apos; is clickable</message>
  <nestedLevel>1</nestedLevel>
</record>
<record>
  <date>2020-09-29T16:36:26</date>
  <millis>1601411786444</millis>
  <sequence>2732</sequence>
  <level>END</level>
  <class>com.kms.katalon.core.logging.XmlKeywordLogger</class>
  <method>endKeyword</method>
  <thread>1</thread>
  <message>End action : verifyElementClickable(findTestObject(\&amp;quot;Page_AT-Pointcloud  GRiD/button_Download\&amp;quot;))</message>
  <nestedLevel>1</nestedLevel>
</record>
<record>
  <date>2020-09-29T16:36:26</date>
  <millis>1601411786444</millis>
  <sequence>2733</sequence>
  <level>START</level>
  <class>com.kms.katalon.core.logging.XmlKeywordLogger</class>
  <method>startKeyword</method>
  <thread>1</thread>
  <message>Start action : click(findTestObject(\&amp;quot;Page_AT-Imagery  GRiD/button_Download\&amp;quot;))</message>
  <nestedLevel>1</nestedLevel>
  <property name="startLine">35</property>
  <property name="stepIndex">9</property>
</record>
<record>
  <date>2020-09-29T16:36:27</date>
  <millis>1601411787240</millis>
  <sequence>2742</sequence>
  <level>PASSED</level>
  <class>com.kms.katalon.core.logging.XmlKeywordLogger</class>
  <method>logMessage</method>
  <thread>1</thread>
  <message>Object: &amp;apos;Object Repository/Page_AT-Imagery  GRiD/button_Download&amp;apos; is clicked on</message>
  <nestedLevel>1</nestedLevel>
</record>
<record>
  <date>2020-09-29T16:36:27</date>
  <millis>1601411787240</millis>
  <sequence>2743</sequence>
  <level>END</level>
  <class>com.kms.katalon.core.logging.XmlKeywordLogger</class>
  <method>endKeyword</method>
  <thread>1</thread>
  <message>End action : click(findTestObject(\&amp;quot;Page_AT-Imagery  GRiD/button_Download\&amp;quot;))</message>
  <nestedLevel>1</nestedLevel>
</record>
<record>
  <date>2020-09-29T16:36:27</date>
  <millis>1601411787241</millis>
  <sequence>2744</sequence>
  <level>PASSED</level>
  <class>com.kms.katalon.core.logging.XmlKeywordLogger</class>
  <method>logMessage</method>
  <thread>1</thread>
  <message>Test Cases/Legacy Exports/4 - ALIRT Intensity Export</message>
  <nestedLevel>1</nestedLevel>
</record>
<record>
  <date>2020-09-29T16:36:27</date>
  <millis>1601411787242</millis>
  <sequence>2745</sequence>
  <level>END</level>
  <class>com.kms.katalon.core.logging.XmlKeywordLogger</class>
  <method>endTest</method>
  <thread>1</thread>
  <message>End Test Case : Test Cases/Legacy Exports/4 - ALIRT Intensity Export</message>
  <nestedLevel>0</nestedLevel>
</record>
<record>
  <date>2020-09-29T16:36:27</date>
  <millis>1601411787249</millis>
  <sequence>2746</sequence>
  <level>START</level>
  <class>com.kms.katalon.core.logging.XmlKeywordLogger</class>
  <method>startTest</method>
  <thread>1</thread>
  <message>Start Test Case : Test Cases/Legacy Exports/5 - Vector Export</message>
  <nestedLevel>1</nestedLevel>
  <property name="name">Test Cases/Legacy Exports/5 - Vector Export</property>
  <property name="description">AOI: AT-Pointcloud\nExport Workflow: Export Pointcloud\nFilter: None</property>
  <property name="id">Test Cases/Legacy Exports/5 - Vector Export</property>
  <property name="source">C:\\Users\\NickLivas\\Documents\\Testing\\Katalon\\KatalonTesting\\Test Cases\\Legacy Exports\\5 - Vector Export.tc</property>
  <property name="tag"></property>
  <property name="isOptional">false</property>
</record>
<record>
  <date>2020-09-29T16:36:27</date>
  <millis>1601411787452</millis>
  <sequence>2748</sequence>
  <level>START</level>
  <class>com.kms.katalon.core.logging.XmlKeywordLogger</class>
  <method>startKeyword</method>
  <thread>1</thread>
  <message>Start action : navigateToUrl(\&amp;quot;https://grid.nga.mil/testgrid/export/aoi/38118/\&amp;quot;)</message>
  <nestedLevel>1</nestedLevel>
  <property name="startLine">19</property>
  <property name="stepIndex">1</property>
</record>
<record>
  <date>2020-09-29T16:36:29</date>
  <millis>1601411789489</millis>
  <sequence>2751</sequence>
  <level>PASSED</level>
  <class>com.kms.katalon.core.logging.XmlKeywordLogger</class>
  <method>logMessage</method>
  <thread>1</thread>
  <message>Navigate to &amp;apos;https://grid.nga.mil/testgrid/export/aoi/38118/&amp;apos; successfully</message>
  <nestedLevel>1</nestedLevel>
</record>
<record>
  <date>2020-09-29T16:36:29</date>
  <millis>1601411789489</millis>
  <sequence>2752</sequence>
  <level>END</level>
  <class>com.kms.katalon.core.logging.XmlKeywordLogger</class>
  <method>endKeyword</method>
  <thread>1</thread>
  <message>End action : navigateToUrl(\&amp;quot;https://grid.nga.mil/testgrid/export/aoi/38118/\&amp;quot;)</message>
  <nestedLevel>1</nestedLevel>
</record>
<record>
  <date>2020-09-29T16:36:29</date>
  <millis>1601411789489</millis>
  <sequence>2753</sequence>
  <level>START</level>
  <class>com.kms.katalon.core.logging.XmlKeywordLogger</class>
  <method>startKeyword</method>
  <thread>1</thread>
  <message>Start action : click(findTestObject(\&amp;quot;Page_AT-Vectors  GRiD/a_Export vector data\&amp;quot;))</message>
  <nestedLevel>1</nestedLevel>
  <property name="startLine">21</property>
  <property name="stepIndex">2</property>
</record>
<record>
  <date>2020-09-29T16:36:32</date>
  <millis>1601411792304</millis>
  <sequence>2762</sequence>
  <level>PASSED</level>
  <class>com.kms.katalon.core.logging.XmlKeywordLogger</class>
  <method>logMessage</method>
  <thread>1</thread>
  <message>Object: &amp;apos;Object Repository/Page_AT-Vectors  GRiD/a_Export vector data&amp;apos; is clicked on</message>
  <nestedLevel>1</nestedLevel>
</record>
<record>
  <date>2020-09-29T16:36:32</date>
  <millis>1601411792306</millis>
  <sequence>2763</sequence>
  <level>END</level>
  <class>com.kms.katalon.core.logging.XmlKeywordLogger</class>
  <method>endKeyword</method>
  <thread>1</thread>
  <message>End action : click(findTestObject(\&amp;quot;Page_AT-Vectors  GRiD/a_Export vector data\&amp;quot;))</message>
  <nestedLevel>1</nestedLevel>
</record>
<record>
  <date>2020-09-29T16:36:32</date>
  <millis>1601411792308</millis>
  <sequence>2764</sequence>
  <level>START</level>
  <class>com.kms.katalon.core.logging.XmlKeywordLogger</class>
  <method>startKeyword</method>
  <thread>1</thread>
  <message>Start action : click(findTestObject(\&amp;quot;Page_AT-Vectors  GRiD/div_Trees 20071205_18S460440 UNCLASSIFIED 2_e3896d\&amp;quot;))</message>
  <nestedLevel>1</nestedLevel>
  <property name="startLine">23</property>
  <property name="stepIndex">3</property>
</record>
<record>
  <date>2020-09-29T16:36:32</date>
  <millis>1601411792442</millis>
  <sequence>2773</sequence>
  <level>PASSED</level>
  <class>com.kms.katalon.core.logging.XmlKeywordLogger</class>
  <method>logMessage</method>
  <thread>1</thread>
  <message>Object: &amp;apos;Object Repository/Page_AT-Vectors  GRiD/div_Trees 20071205_18S460440 UNCLASSIFIED 2_e3896d&amp;apos; is clicked on</message>
  <nestedLevel>1</nestedLevel>
</record>
<record>
  <date>2020-09-29T16:36:32</date>
  <millis>1601411792443</millis>
  <sequence>2774</sequence>
  <level>END</level>
  <class>com.kms.katalon.core.logging.XmlKeywordLogger</class>
  <method>endKeyword</method>
  <thread>1</thread>
  <message>End action : click(findTestObject(\&amp;quot;Page_AT-Vectors  GRiD/div_Trees 20071205_18S460440 UNCLASSIFIED 2_e3896d\&amp;quot;))</message>
  <nestedLevel>1</nestedLevel>
</record>
<record>
  <date>2020-09-29T16:36:32</date>
  <millis>1601411792443</millis>
  <sequence>2775</sequence>
  <level>START</level>
  <class>com.kms.katalon.core.logging.XmlKeywordLogger</class>
  <method>startKeyword</method>
  <thread>1</thread>
  <message>Start action : click(findTestObject(\&amp;quot;Page_AT-Vectors  GRiD/div_Buildings - 2D 20071205_18S460440 UNCLA_a8513e\&amp;quot;))</message>
  <nestedLevel>1</nestedLevel>
  <property name="startLine">25</property>
  <property name="stepIndex">4</property>
</record>
<record>
  <date>2020-09-29T16:36:32</date>
  <millis>1601411792539</millis>
  <sequence>2784</sequence>
  <level>PASSED</level>
  <class>com.kms.katalon.core.logging.XmlKeywordLogger</class>
  <method>logMessage</method>
  <thread>1</thread>
  <message>Object: &amp;apos;Object Repository/Page_AT-Vectors  GRiD/div_Buildings - 2D 20071205_18S460440 UNCLA_a8513e&amp;apos; is clicked on</message>
  <nestedLevel>1</nestedLevel>
</record>
<record>
  <date>2020-09-29T16:36:32</date>
  <millis>1601411792540</millis>
  <sequence>2785</sequence>
  <level>END</level>
  <class>com.kms.katalon.core.logging.XmlKeywordLogger</class>
  <method>endKeyword</method>
  <thread>1</thread>
  <message>End action : click(findTestObject(\&amp;quot;Page_AT-Vectors  GRiD/div_Buildings - 2D 20071205_18S460440 UNCLA_a8513e\&amp;quot;))</message>
  <nestedLevel>1</nestedLevel>
</record>
<record>
  <date>2020-09-29T16:36:32</date>
  <millis>1601411792540</millis>
  <sequence>2786</sequence>
  <level>START</level>
  <class>com.kms.katalon.core.logging.XmlKeywordLogger</class>
  <method>startKeyword</method>
  <thread>1</thread>
  <message>Start action : click(findTestObject(\&amp;quot;Page_AT-Vectors  GRiD/div_Forests 20120919_18S444438 UNCLASSIFIED_5f8221\&amp;quot;))</message>
  <nestedLevel>1</nestedLevel>
  <property name="startLine">27</property>
  <property name="stepIndex">5</property>
</record>
<record>
  <date>2020-09-29T16:36:32</date>
  <millis>1601411792654</millis>
  <sequence>2795</sequence>
  <level>PASSED</level>
  <class>com.kms.katalon.core.logging.XmlKeywordLogger</class>
  <method>logMessage</method>
  <thread>1</thread>
  <message>Object: &amp;apos;Object Repository/Page_AT-Vectors  GRiD/div_Forests 20120919_18S444438 UNCLASSIFIED_5f8221&amp;apos; is clicked on</message>
  <nestedLevel>1</nestedLevel>
</record>
<record>
  <date>2020-09-29T16:36:32</date>
  <millis>1601411792655</millis>
  <sequence>2796</sequence>
  <level>END</level>
  <class>com.kms.katalon.core.logging.XmlKeywordLogger</class>
  <method>endKeyword</method>
  <thread>1</thread>
  <message>End action : click(findTestObject(\&amp;quot;Page_AT-Vectors  GRiD/div_Forests 20120919_18S444438 UNCLASSIFIED_5f8221\&amp;quot;))</message>
  <nestedLevel>1</nestedLevel>
</record>
<record>
  <date>2020-09-29T16:36:32</date>
  <millis>1601411792655</millis>
  <sequence>2797</sequence>
  <level>START</level>
  <class>com.kms.katalon.core.logging.XmlKeywordLogger</class>
  <method>startKeyword</method>
  <thread>1</thread>
  <message>Start action : click(findTestObject(\&amp;quot;Page_AT-Vectors  GRiD/div_Buildings - 3D 20071205_18S460440 UNCLA_1bd346\&amp;quot;))</message>
  <nestedLevel>1</nestedLevel>
  <property name="startLine">29</property>
  <property name="stepIndex">6</property>
</record>
<record>
  <date>2020-09-29T16:36:32</date>
  <millis>1601411792761</millis>
  <sequence>2806</sequence>
  <level>PASSED</level>
  <class>com.kms.katalon.core.logging.XmlKeywordLogger</class>
  <method>logMessage</method>
  <thread>1</thread>
  <message>Object: &amp;apos;Object Repository/Page_AT-Vectors  GRiD/div_Buildings - 3D 20071205_18S460440 UNCLA_1bd346&amp;apos; is clicked on</message>
  <nestedLevel>1</nestedLevel>
</record>
<record>
  <date>2020-09-29T16:36:32</date>
  <millis>1601411792762</millis>
  <sequence>2807</sequence>
  <level>END</level>
  <class>com.kms.katalon.core.logging.XmlKeywordLogger</class>
  <method>endKeyword</method>
  <thread>1</thread>
  <message>End action : click(findTestObject(\&amp;quot;Page_AT-Vectors  GRiD/div_Buildings - 3D 20071205_18S460440 UNCLA_1bd346\&amp;quot;))</message>
  <nestedLevel>1</nestedLevel>
</record>
<record>
  <date>2020-09-29T16:36:32</date>
  <millis>1601411792763</millis>
  <sequence>2808</sequence>
  <level>START</level>
  <class>com.kms.katalon.core.logging.XmlKeywordLogger</class>
  <method>startKeyword</method>
  <thread>1</thread>
  <message>Start action : setText(findTestObject(\&amp;quot;Object Repository/Page_AT-Vectors  GRiD/input_Display Name_name\&amp;quot;), \&amp;quot;Katalon - Vector data\&amp;quot;)</message>
  <nestedLevel>1</nestedLevel>
  <property name="startLine">31</property>
  <property name="stepIndex">7</property>
</record>
<record>
  <date>2020-09-29T16:36:32</date>
  <millis>1601411792929</millis>
  <sequence>2824</sequence>
  <level>PASSED</level>
  <class>com.kms.katalon.core.logging.XmlKeywordLogger</class>
  <method>logMessage</method>
  <thread>1</thread>
  <message>Text &amp;apos;Katalon - Vector data&amp;apos; is set on object &amp;apos;Object Repository/Page_AT-Vectors  GRiD/input_Display Name_name&amp;apos;</message>
  <nestedLevel>1</nestedLevel>
</record>
<record>
  <date>2020-09-29T16:36:32</date>
  <millis>1601411792930</millis>
  <sequence>2825</sequence>
  <level>END</level>
  <class>com.kms.katalon.core.logging.XmlKeywordLogger</class>
  <method>endKeyword</method>
  <thread>1</thread>
  <message>End action : setText(findTestObject(\&amp;quot;Object Repository/Page_AT-Vectors  GRiD/input_Display Name_name\&amp;quot;), \&amp;quot;Katalon - Vector data\&amp;quot;)</message>
  <nestedLevel>1</nestedLevel>
</record>
<record>
  <date>2020-09-29T16:36:32</date>
  <millis>1601411792931</millis>
  <sequence>2826</sequence>
  <level>START</level>
  <class>com.kms.katalon.core.logging.XmlKeywordLogger</class>
  <method>startKeyword</method>
  <thread>1</thread>
  <message>Start action : click(findTestObject(\&amp;quot;Page_AFE  GRiD/div_Cancel    Generate\&amp;quot;))</message>
  <nestedLevel>1</nestedLevel>
  <property name="startLine">33</property>
  <property name="stepIndex">8</property>
</record>
<record>
  <date>2020-09-29T16:36:37</date>
  <millis>1601411797764</millis>
  <sequence>2835</sequence>
  <level>PASSED</level>
  <class>com.kms.katalon.core.logging.XmlKeywordLogger</class>
  <method>logMessage</method>
  <thread>1</thread>
  <message>Object: &amp;apos;Object Repository/Page_AFE  GRiD/div_Cancel    Generate&amp;apos; is clicked on</message>
  <nestedLevel>1</nestedLevel>
</record>
<record>
  <date>2020-09-29T16:36:37</date>
  <millis>1601411797765</millis>
  <sequence>2836</sequence>
  <level>END</level>
  <class>com.kms.katalon.core.logging.XmlKeywordLogger</class>
  <method>endKeyword</method>
  <thread>1</thread>
  <message>End action : click(findTestObject(\&amp;quot;Page_AFE  GRiD/div_Cancel    Generate\&amp;quot;))</message>
  <nestedLevel>1</nestedLevel>
</record>
<record>
  <date>2020-09-29T16:36:37</date>
  <millis>1601411797766</millis>
  <sequence>2837</sequence>
  <level>START</level>
  <class>com.kms.katalon.core.logging.XmlKeywordLogger</class>
  <method>startKeyword</method>
  <thread>1</thread>
  <message>Start action : Thread.sleep(30000)</message>
  <nestedLevel>1</nestedLevel>
  <property name="startLine">35</property>
  <property name="stepIndex">9</property>
</record>
<record>
  <date>2020-09-29T16:37:07</date>
  <millis>1601411827766</millis>
  <sequence>2838</sequence>
  <level>END</level>
  <class>com.kms.katalon.core.logging.XmlKeywordLogger</class>
  <method>endKeyword</method>
  <thread>1</thread>
  <message>End action : Thread.sleep(30000)</message>
  <nestedLevel>1</nestedLevel>
</record>
<record>
  <date>2020-09-29T16:37:07</date>
  <millis>1601411827767</millis>
  <sequence>2839</sequence>
  <level>START</level>
  <class>com.kms.katalon.core.logging.XmlKeywordLogger</class>
  <method>startKeyword</method>
  <thread>1</thread>
  <message>Start action : verifyElementClickable(findTestObject(\&amp;quot;Page_AT-Pointcloud  GRiD/button_Download\&amp;quot;))</message>
  <nestedLevel>1</nestedLevel>
  <property name="startLine">37</property>
  <property name="stepIndex">10</property>
</record>
<record>
  <date>2020-09-29T16:37:07</date>
  <millis>1601411827836</millis>
  <sequence>2847</sequence>
  <level>PASSED</level>
  <class>com.kms.katalon.core.logging.XmlKeywordLogger</class>
  <method>logMessage</method>
  <thread>1</thread>
  <message>Object &amp;apos;Object Repository/Page_AT-Pointcloud  GRiD/button_Download&amp;apos; is clickable</message>
  <nestedLevel>1</nestedLevel>
</record>
<record>
  <date>2020-09-29T16:37:07</date>
  <millis>1601411827837</millis>
  <sequence>2848</sequence>
  <level>END</level>
  <class>com.kms.katalon.core.logging.XmlKeywordLogger</class>
  <method>endKeyword</method>
  <thread>1</thread>
  <message>End action : verifyElementClickable(findTestObject(\&amp;quot;Page_AT-Pointcloud  GRiD/button_Download\&amp;quot;))</message>
  <nestedLevel>1</nestedLevel>
</record>
<record>
  <date>2020-09-29T16:37:07</date>
  <millis>1601411827837</millis>
  <sequence>2849</sequence>
  <level>START</level>
  <class>com.kms.katalon.core.logging.XmlKeywordLogger</class>
  <method>startKeyword</method>
  <thread>1</thread>
  <message>Start action : click(findTestObject(\&amp;quot;Object Repository/Page_AT-Vectors  GRiD/button_Download\&amp;quot;))</message>
  <nestedLevel>1</nestedLevel>
  <property name="startLine">39</property>
  <property name="stepIndex">11</property>
</record>
<record>
  <date>2020-09-29T16:37:09</date>
  <millis>1601411829732</millis>
  <sequence>2858</sequence>
  <level>PASSED</level>
  <class>com.kms.katalon.core.logging.XmlKeywordLogger</class>
  <method>logMessage</method>
  <thread>1</thread>
  <message>Object: &amp;apos;Object Repository/Page_AT-Vectors  GRiD/button_Download&amp;apos; is clicked on</message>
  <nestedLevel>1</nestedLevel>
</record>
<record>
  <date>2020-09-29T16:37:09</date>
  <millis>1601411829733</millis>
  <sequence>2859</sequence>
  <level>END</level>
  <class>com.kms.katalon.core.logging.XmlKeywordLogger</class>
  <method>endKeyword</method>
  <thread>1</thread>
  <message>End action : click(findTestObject(\&amp;quot;Object Repository/Page_AT-Vectors  GRiD/button_Download\&amp;quot;))</message>
  <nestedLevel>1</nestedLevel>
</record>
<record>
  <date>2020-09-29T16:37:09</date>
  <millis>1601411829734</millis>
  <sequence>2860</sequence>
  <level>START</level>
  <class>com.kms.katalon.core.logging.XmlKeywordLogger</class>
  <method>startKeyword</method>
  <thread>1</thread>
  <message>Start action : closeBrowser()</message>
  <nestedLevel>1</nestedLevel>
  <property name="startLine">41</property>
  <property name="stepIndex">12</property>
</record>
<record>
  <date>2020-09-29T16:37:10</date>
  <millis>1601411830531</millis>
  <sequence>2862</sequence>
  <level>PASSED</level>
  <class>com.kms.katalon.core.logging.XmlKeywordLogger</class>
  <method>logMessage</method>
  <thread>1</thread>
  <message>Browser is closed</message>
  <nestedLevel>1</nestedLevel>
</record>
<record>
  <date>2020-09-29T16:37:10</date>
  <millis>1601411830533</millis>
  <sequence>2863</sequence>
  <level>END</level>
  <class>com.kms.katalon.core.logging.XmlKeywordLogger</class>
  <method>endKeyword</method>
  <thread>1</thread>
  <message>End action : closeBrowser()</message>
  <nestedLevel>1</nestedLevel>
</record>
<record>
  <date>2020-09-29T16:37:10</date>
  <millis>1601411830533</millis>
  <sequence>2864</sequence>
  <level>PASSED</level>
  <class>com.kms.katalon.core.logging.XmlKeywordLogger</class>
  <method>logMessage</method>
  <thread>1</thread>
  <message>Test Cases/Legacy Exports/5 - Vector Export</message>
  <nestedLevel>1</nestedLevel>
</record>
<record>
  <date>2020-09-29T16:37:10</date>
  <millis>1601411830535</millis>
  <sequence>2865</sequence>
  <level>END</level>
  <class>com.kms.katalon.core.logging.XmlKeywordLogger</class>
  <method>endTest</method>
  <thread>1</thread>
  <message>End Test Case : Test Cases/Legacy Exports/5 - Vector Export</message>
  <nestedLevel>0</nestedLevel>
</record>
<record>
  <date>2020-09-29T16:37:10</date>
  <millis>1601411830605</millis>
  <sequence>2866</sequence>
  <level>END</level>
  <class>com.kms.katalon.core.logging.XmlKeywordLogger</class>
  <method>endSuite</method>
  <thread>1</thread>
  <message>End Test Suite : Test Suites/GRiD LegacyExports</message>
  <nestedLevel>0</nestedLevel>
</record>
</log>
